This is pdfTeX, Version 3.14159265-2.6-1.40.20 (TeX Live 2019/Debian) (preloaded format=pdflatex 2022.1.4)  28 DEC 2022 13:00
entering extended mode
 restricted \write18 enabled.
 %&-line parsing enabled.
**principal.tex
(./principal.tex
LaTeX2e <2020-02-02> patch level 5
L3 programming layer <2020-02-25> (./prefix.tex
(/usr/share/texlive/texmf-dist/tex/latex/base/book.cls
Document Class: book 2019/12/20 v1.4l Standard LaTeX document class
(/usr/share/texlive/texmf-dist/tex/latex/base/bk10.clo
File: bk10.clo 2019/12/20 v1.4l Standard LaTeX file (size option)
)
\c@part=\count167
\c@chapter=\count168
\c@section=\count169
\c@subsection=\count170
\c@subsubsection=\count171
\c@paragraph=\count172
\c@subparagraph=\count173
\c@figure=\count174
\c@table=\count175
\abovecaptionskip=\skip47
\belowcaptionskip=\skip48
\bibindent=\dimen134
)
(/usr/share/texlive/texmf-dist/tex/latex/geometry/geometry.sty
Package: geometry 2020/01/02 v5.9 Page Geometry

(/usr/share/texlive/texmf-dist/tex/latex/graphics/keyval.sty
Package: keyval 2014/10/28 v1.15 key=value parser (DPC)
\KV@toks@=\toks15
)
(/usr/share/texlive/texmf-dist/tex/generic/iftex/ifvtex.sty
Package: ifvtex 2019/10/25 v1.7 ifvtex legacy package. Use iftex instead.

(/usr/share/texlive/texmf-dist/tex/generic/iftex/iftex.sty
Package: iftex 2019/11/07 v1.0c TeX engine tests
))
\Gm@cnth=\count176
\Gm@cntv=\count177
\c@Gm@tempcnt=\count178
\Gm@bindingoffset=\dimen135
\Gm@wd@mp=\dimen136
\Gm@odd@mp=\dimen137
\Gm@even@mp=\dimen138
\Gm@layoutwidth=\dimen139
\Gm@layoutheight=\dimen140
\Gm@layouthoffset=\dimen141
\Gm@layoutvoffset=\dimen142
\Gm@dimlist=\toks16
)
(/usr/share/texlive/texmf-dist/tex/generic/babel/babel.sty
Package: babel 2020/02/28 3.41 The Babel package

(/usr/share/texlive/texmf-dist/tex/generic/babel/switch.def
File: switch.def 2020/02/28 3.41 Babel switching mechanism
)
(/usr/share/texlive/texmf-dist/tex/generic/babel-english/english.ldf
Language: english 2017/06/06 v3.3r English support from the babel system

(/usr/share/texlive/texmf-dist/tex/generic/babel/babel.def
File: babel.def 2020/02/28 3.41 Babel common definitions
\babel@savecnt=\count179
\U@D=\dimen143

(/usr/share/texlive/texmf-dist/tex/generic/babel/txtbabel.def)
\bbl@readstream=\read2
\bbl@dirlevel=\count180
)
Package babel Info: \l@canadian = using hyphenrules for english
(babel)             (\language0) on input line 102.
Package babel Info: \l@australian = using hyphenrules for ukenglish
(babel)             (\language6) on input line 105.
Package babel Info: \l@newzealand = using hyphenrules for ukenglish
(babel)             (\language6) on input line 108.
))
(/usr/share/texlive/texmf-dist/tex/latex/base/inputenc.sty
Package: inputenc 2018/08/11 v1.3c Input encoding file
\inpenc@prehook=\toks17
\inpenc@posthook=\toks18
)
(/usr/share/texlive/texmf-dist/tex/latex/base/fontenc.sty
Package: fontenc 2020/02/11 v2.0o Standard LaTeX package
)
(/usr/share/texlive/texmf-dist/tex/latex/cancel/cancel.sty
Package: cancel 2013/04/12 v2.2 Cancel math terms
)
(/usr/share/texlive/texmf-dist/tex/latex/amsmath/amsmath.sty
Package: amsmath 2020/01/20 v2.17e AMS math features
\@mathmargin=\skip49

For additional information on amsmath, use the `?' option.
(/usr/share/texlive/texmf-dist/tex/latex/amsmath/amstext.sty
Package: amstext 2000/06/29 v2.01 AMS text

(/usr/share/texlive/texmf-dist/tex/latex/amsmath/amsgen.sty
File: amsgen.sty 1999/11/30 v2.0 generic functions
\@emptytoks=\toks19
\ex@=\dimen144
))
(/usr/share/texlive/texmf-dist/tex/latex/amsmath/amsbsy.sty
Package: amsbsy 1999/11/29 v1.2d Bold Symbols
\pmbraise@=\dimen145
)
(/usr/share/texlive/texmf-dist/tex/latex/amsmath/amsopn.sty
Package: amsopn 2016/03/08 v2.02 operator names
)
\inf@bad=\count181
LaTeX Info: Redefining \frac on input line 227.
\uproot@=\count182
\leftroot@=\count183
LaTeX Info: Redefining \overline on input line 389.
\classnum@=\count184
\DOTSCASE@=\count185
LaTeX Info: Redefining \ldots on input line 486.
LaTeX Info: Redefining \dots on input line 489.
LaTeX Info: Redefining \cdots on input line 610.
\Mathstrutbox@=\box45
\strutbox@=\box46
\big@size=\dimen146
LaTeX Font Info:    Redeclaring font encoding OML on input line 733.
LaTeX Font Info:    Redeclaring font encoding OMS on input line 734.
\macc@depth=\count186
\c@MaxMatrixCols=\count187
\dotsspace@=\muskip16
\c@parentequation=\count188
\dspbrk@lvl=\count189
\tag@help=\toks20
\row@=\count190
\column@=\count191
\maxfields@=\count192
\andhelp@=\toks21
\eqnshift@=\dimen147
\alignsep@=\dimen148
\tagshift@=\dimen149
\tagwidth@=\dimen150
\totwidth@=\dimen151
\lineht@=\dimen152
\@envbody=\toks22
\multlinegap=\skip50
\multlinetaggap=\skip51
\mathdisplay@stack=\toks23
LaTeX Info: Redefining \[ on input line 2859.
LaTeX Info: Redefining \] on input line 2860.
)
(/usr/share/texlive/texmf-dist/tex/latex/amsfonts/amsfonts.sty
Package: amsfonts 2013/01/14 v3.01 Basic AMSFonts support
\symAMSa=\mathgroup4
\symAMSb=\mathgroup5
LaTeX Font Info:    Redeclaring math symbol \hbar on input line 98.
LaTeX Font Info:    Overwriting math alphabet `\mathfrak' in version `bold'
(Font)                  U/euf/m/n --> U/euf/b/n on input line 106.
)
(/usr/share/texlive/texmf-dist/tex/latex/doublestroke/dsfont.sty
Package: dsfont 1995/08/01 v0.1 Double stroke roman fonts
)
(/usr/share/texlive/texmf-dist/tex/latex/listings/listings.sty
\lst@mode=\count193
\lst@gtempboxa=\box47
\lst@token=\toks24
\lst@length=\count194
\lst@currlwidth=\dimen153
\lst@column=\count195
\lst@pos=\count196
\lst@lostspace=\dimen154
\lst@width=\dimen155
\lst@newlines=\count197
\lst@lineno=\count198
\lst@maxwidth=\dimen156

(/usr/share/texlive/texmf-dist/tex/latex/listings/lstmisc.sty
File: lstmisc.sty 2019/09/10 1.8c (Carsten Heinz)
\c@lstnumber=\count199
\lst@skipnumbers=\count266
\lst@framebox=\box48
)
(/usr/share/texlive/texmf-dist/tex/latex/listings/listings.cfg
File: listings.cfg 2019/09/10 1.8c listings configuration
))
Package: listings 2019/09/10 1.8c (Carsten Heinz)

(/usr/share/texlive/texmf-dist/tex/latex/hyperref/hyperref.sty
Package: hyperref 2020/01/14 v7.00d Hypertext links for LaTeX

(/usr/share/texlive/texmf-dist/tex/generic/ltxcmds/ltxcmds.sty
Package: ltxcmds 2019/12/15 v1.24 LaTeX kernel commands for general use (HO)
)
(/usr/share/texlive/texmf-dist/tex/latex/pdftexcmds/pdftexcmds.sty
Package: pdftexcmds 2019/11/24 v0.31 Utility functions of pdfTeX for LuaTeX (HO
)

(/usr/share/texlive/texmf-dist/tex/generic/infwarerr/infwarerr.sty
Package: infwarerr 2019/12/03 v1.5 Providing info/warning/error messages (HO)
)
Package pdftexcmds Info: \pdf@primitive is available.
Package pdftexcmds Info: \pdf@ifprimitive is available.
Package pdftexcmds Info: \pdfdraftmode found.
)
(/usr/share/texlive/texmf-dist/tex/generic/kvsetkeys/kvsetkeys.sty
Package: kvsetkeys 2019/12/15 v1.18 Key value parser (HO)
)
(/usr/share/texlive/texmf-dist/tex/generic/kvdefinekeys/kvdefinekeys.sty
Package: kvdefinekeys 2019-12-19 v1.6 Define keys (HO)
)
(/usr/share/texlive/texmf-dist/tex/generic/pdfescape/pdfescape.sty
Package: pdfescape 2019/12/09 v1.15 Implements pdfTeX's escape features (HO)
)
(/usr/share/texlive/texmf-dist/tex/latex/hycolor/hycolor.sty
Package: hycolor 2020-01-27 v1.10 Color options for hyperref/bookmark (HO)
)
(/usr/share/texlive/texmf-dist/tex/latex/letltxmacro/letltxmacro.sty
Package: letltxmacro 2019/12/03 v1.6 Let assignment for LaTeX macros (HO)
)
(/usr/share/texlive/texmf-dist/tex/latex/auxhook/auxhook.sty
Package: auxhook 2019-12-17 v1.6 Hooks for auxiliary files (HO)
)
(/usr/share/texlive/texmf-dist/tex/latex/kvoptions/kvoptions.sty
Package: kvoptions 2019/11/29 v3.13 Key value format for package options (HO)
)
\@linkdim=\dimen157
\Hy@linkcounter=\count267
\Hy@pagecounter=\count268

(/usr/share/texlive/texmf-dist/tex/latex/hyperref/pd1enc.def
File: pd1enc.def 2020/01/14 v7.00d Hyperref: PDFDocEncoding definition (HO)
Now handling font encoding PD1 ...
... no UTF-8 mapping file for font encoding PD1
)
(/usr/share/texlive/texmf-dist/tex/generic/intcalc/intcalc.sty
Package: intcalc 2019/12/15 v1.3 Expandable calculations with integers (HO)
)
(/usr/share/texlive/texmf-dist/tex/generic/etexcmds/etexcmds.sty
Package: etexcmds 2019/12/15 v1.7 Avoid name clashes with e-TeX commands (HO)
)
\Hy@SavedSpaceFactor=\count269
\pdfmajorversion=\count270
Package hyperref Info: Hyper figures OFF on input line 4547.
Package hyperref Info: Link nesting OFF on input line 4552.
Package hyperref Info: Hyper index ON on input line 4555.
Package hyperref Info: Plain pages OFF on input line 4562.
Package hyperref Info: Backreferencing OFF on input line 4567.
Package hyperref Info: Implicit mode ON; LaTeX internals redefined.
Package hyperref Info: Bookmarks ON on input line 4800.
\c@Hy@tempcnt=\count271

(/usr/share/texlive/texmf-dist/tex/latex/url/url.sty
\Urlmuskip=\muskip17
Package: url 2013/09/16  ver 3.4  Verb mode for urls, etc.
)
LaTeX Info: Redefining \url on input line 5159.
\XeTeXLinkMargin=\dimen158

(/usr/share/texlive/texmf-dist/tex/generic/bitset/bitset.sty
Package: bitset 2019/12/09 v1.3 Handle bit-vector datatype (HO)

(/usr/share/texlive/texmf-dist/tex/generic/bigintcalc/bigintcalc.sty
Package: bigintcalc 2019/12/15 v1.5 Expandable calculations on big integers (HO
)
))
\Fld@menulength=\count272
\Field@Width=\dimen159
\Fld@charsize=\dimen160
Package hyperref Info: Hyper figures OFF on input line 6430.
Package hyperref Info: Link nesting OFF on input line 6435.
Package hyperref Info: Hyper index ON on input line 6438.
Package hyperref Info: backreferencing OFF on input line 6445.
Package hyperref Info: Link coloring OFF on input line 6450.
Package hyperref Info: Link coloring with OCG OFF on input line 6455.
Package hyperref Info: PDF/A mode OFF on input line 6460.
LaTeX Info: Redefining \ref on input line 6500.
LaTeX Info: Redefining \pageref on input line 6504.

(/usr/share/texlive/texmf-dist/tex/generic/atbegshi/atbegshi.sty
Package: atbegshi 2019/12/05 v1.19 At begin shipout hook (HO)
)
\Hy@abspage=\count273
\c@Item=\count274
\c@Hfootnote=\count275
)
Package hyperref Info: Driver (autodetected): hpdftex.

(/usr/share/texlive/texmf-dist/tex/latex/hyperref/hpdftex.def
File: hpdftex.def 2020/01/14 v7.00d Hyperref driver for pdfTeX

(/usr/share/texlive/texmf-dist/tex/latex/atveryend/atveryend.sty
Package: atveryend 2019-12-11 v1.11 Hooks at the very end of document (HO)
Package atveryend Info: \enddocument detected (standard20110627).
)
\Fld@listcount=\count276
\c@bookmark@seq@number=\count277

(/usr/share/texlive/texmf-dist/tex/latex/rerunfilecheck/rerunfilecheck.sty
Package: rerunfilecheck 2019/12/05 v1.9 Rerun checks for auxiliary files (HO)

(/usr/share/texlive/texmf-dist/tex/generic/uniquecounter/uniquecounter.sty
Package: uniquecounter 2019/12/15 v1.4 Provide unlimited unique counter (HO)
)
Package uniquecounter Info: New unique counter `rerunfilecheck' on input line 2
86.
)
\Hy@SectionHShift=\skip52
)
(/usr/share/texlive/texmf-dist/tex/latex/siunitx/siunitx.sty
(/usr/share/texlive/texmf-dist/tex/latex/l3kernel/expl3.sty
Package: expl3 2020-02-25 L3 programming layer (loader) 

(/usr/share/texlive/texmf-dist/tex/latex/l3backend/l3backend-pdfmode.def
File: l3backend-pdfmode.def 2020-02-23 L3 backend support: PDF mode
\l__kernel_color_stack_int=\count278
\l__pdf_internal_box=\box49
))
(/usr/share/texlive/texmf-dist/tex/latex/l3packages/xparse/xparse.sty
Package: xparse 2020-02-25 L3 Experimental document command parser
\l__xparse_current_arg_int=\count279
\g__xparse_grabber_int=\count280
\l__xparse_m_args_int=\count281
\l__xparse_v_nesting_int=\count282
)
Package: siunitx 2020/02/25 v2.8b A comprehensive (SI) units package

(/usr/share/texlive/texmf-dist/tex/latex/tools/array.sty
Package: array 2019/08/31 v2.4l Tabular extension package (FMi)
\col@sep=\dimen161
\ar@mcellbox=\box50
\extrarowheight=\dimen162
\NC@list=\toks25
\extratabsurround=\skip53
\backup@length=\skip54
\ar@cellbox=\box51
)
(/usr/share/texlive/texmf-dist/tex/latex/l3packages/l3keys2e/l3keys2e.sty
Package: l3keys2e 2020-02-25 LaTeX2e option processing using LaTeX3 keys
)
\l__siunitx_tmp_box=\box52
\l__siunitx_tmp_dim=\dimen163
\l__siunitx_tmp_int=\count283
\l__siunitx_number_mantissa_length_int=\count284
\l__siunitx_number_uncert_length_int=\count285
\l__siunitx_round_int=\count286
\l__siunitx_process_decimal_int=\count287
\l__siunitx_process_uncertainty_int=\count288
\l__siunitx_process_fixed_int=\count289
\l__siunitx_process_integer_min_int=\count290
\l__siunitx_process_precision_int=\count291
\l__siunitx_group_min_int=\count292
\l__siunitx_angle_marker_box=\box53
\l__siunitx_angle_unit_box=\box54
\l__siunitx_angle_marker_dim=\dimen164
\l__siunitx_angle_unit_dim=\dimen165
\l__siunitx_unit_int=\count293
\l__siunitx_unit_denominator_int=\count294
\l__siunitx_unit_numerator_int=\count295
\l__siunitx_unit_prefix_int=\count296
\l__siunitx_unit_prefix_base_int=\count297
\l__siunitx_unit_prefix_gram_int=\count298
\l__siunitx_number_product_int=\count299
\c__siunitx_one_fill_skip=\skip55
\l__siunitx_table_unit_align_skip=\skip56
\l__siunitx_table_exponent_dim=\dimen166
\l__siunitx_table_integer_dim=\dimen167
\l__siunitx_table_mantissa_dim=\dimen168
\l__siunitx_table_marker_dim=\dimen169
\l__siunitx_table_result_dim=\dimen170
\l__siunitx_table_uncert_dim=\dimen171
\l__siunitx_table_fill_pre_dim=\dimen172
\l__siunitx_table_fill_post_dim=\dimen173
\l__siunitx_table_fill_mid_dim=\dimen174
\l__siunitx_table_pre_box=\box55
\l__siunitx_table_post_box=\box56
\l__siunitx_table_mantissa_box=\box57
\l__siunitx_table_result_box=\box58
\l__siunitx_table_number_align_skip=\skip57
\l__siunitx_table_text_align_skip=\skip58

(/usr/share/texlive/texmf-dist/tex/latex/translator/translator.sty
Package: translator 2019-05-31 v1.12a Easy translation of strings in LaTeX
))
(/usr/share/texlive/texmf-dist/tex/latex/fancyhdr/fancyhdr.sty
Package: fancyhdr 2019/01/31 v3.10 Extensive control of page headers and footer
s
\f@nch@headwidth=\skip59
\f@nch@O@elh=\skip60
\f@nch@O@erh=\skip61
\f@nch@O@olh=\skip62
\f@nch@O@orh=\skip63
\f@nch@O@elf=\skip64
\f@nch@O@erf=\skip65
\f@nch@O@olf=\skip66
\f@nch@O@orf=\skip67
)
(/usr/share/texlive/texmf-dist/tex/latex/base/textcomp.sty
Package: textcomp 2020/02/02 v2.0n Standard LaTeX package
)
(/usr/share/texlive/texmf-dist/tex/latex/makecell/makecell.sty
Package: makecell 2009/08/03 V0.1e Managing of Tab Column Heads and Cells
\rotheadsize=\dimen175
\c@nlinenum=\count300
\TeXr@lab=\toks26
)
(/usr/share/texlive/texmf-dist/tex/latex/caption/caption.sty
Package: caption 2020/01/03 v3.4h Customizing captions (AR)

(/usr/share/texlive/texmf-dist/tex/latex/caption/caption3.sty
Package: caption3 2020/01/03 v1.8h caption3 kernel (AR)
Package caption3 Info: TeX engine: e-TeX on input line 61.
\captionmargin=\dimen176
\captionmargin@=\dimen177
\captionwidth=\dimen178
\caption@tempdima=\dimen179
\caption@indent=\dimen180
\caption@parindent=\dimen181
\caption@hangindent=\dimen182
Package caption Info: Standard document class detected.
)
\c@caption@flags=\count301
\c@continuedfloat=\count302
Package caption Info: hyperref package is loaded.
Package caption Info: listings package is loaded.
)
(/usr/share/texlive/texmf-dist/tex/latex/pdfpages/pdfpages.sty
Package: pdfpages 2020/01/28 v0.5q Insert pages of external PDF documents (AM)

(/usr/share/texlive/texmf-dist/tex/latex/base/ifthen.sty
Package: ifthen 2014/09/29 v1.1c Standard LaTeX ifthen package (DPC)
)
(/usr/share/texlive/texmf-dist/tex/latex/tools/calc.sty
Package: calc 2017/05/25 v4.3 Infix arithmetic (KKT,FJ)
\calc@Acount=\count303
\calc@Bcount=\count304
\calc@Adimen=\dimen183
\calc@Bdimen=\dimen184
\calc@Askip=\skip68
\calc@Bskip=\skip69
LaTeX Info: Redefining \setlength on input line 80.
LaTeX Info: Redefining \addtolength on input line 81.
\calc@Ccount=\count305
\calc@Cskip=\skip70
)
(/usr/share/texlive/texmf-dist/tex/latex/eso-pic/eso-pic.sty
Package: eso-pic 2018/04/12 v2.0h eso-pic (RN)

(/usr/share/texlive/texmf-dist/tex/latex/xcolor/xcolor.sty
Package: xcolor 2016/05/11 v2.12 LaTeX color extensions (UK)

(/usr/share/texlive/texmf-dist/tex/latex/graphics-cfg/color.cfg
File: color.cfg 2016/01/02 v1.6 sample color configuration
)
Package xcolor Info: Driver file: pdftex.def on input line 225.

(/usr/share/texlive/texmf-dist/tex/latex/graphics-def/pdftex.def
File: pdftex.def 2018/01/08 v1.0l Graphics/color driver for pdftex
)
Package xcolor Info: Model `cmy' substituted by `cmy0' on input line 1348.
Package xcolor Info: Model `hsb' substituted by `rgb' on input line 1352.
Package xcolor Info: Model `RGB' extended on input line 1364.
Package xcolor Info: Model `HTML' substituted by `rgb' on input line 1366.
Package xcolor Info: Model `Hsb' substituted by `hsb' on input line 1367.
Package xcolor Info: Model `tHsb' substituted by `hsb' on input line 1368.
Package xcolor Info: Model `HSB' substituted by `hsb' on input line 1369.
Package xcolor Info: Model `Gray' substituted by `gray' on input line 1370.
Package xcolor Info: Model `wave' substituted by `hsb' on input line 1371.
))
(/usr/share/texlive/texmf-dist/tex/latex/graphics/graphicx.sty
Package: graphicx 2019/11/30 v1.2a Enhanced LaTeX Graphics (DPC,SPQR)

(/usr/share/texlive/texmf-dist/tex/latex/graphics/graphics.sty
Package: graphics 2019/11/30 v1.4a Standard LaTeX Graphics (DPC,SPQR)

(/usr/share/texlive/texmf-dist/tex/latex/graphics/trig.sty
Package: trig 2016/01/03 v1.10 sin cos tan (DPC)
)
(/usr/share/texlive/texmf-dist/tex/latex/graphics-cfg/graphics.cfg
File: graphics.cfg 2016/06/04 v1.11 sample graphics configuration
)
Package graphics Info: Driver file: pdftex.def on input line 105.
)
\Gin@req@height=\dimen185
\Gin@req@width=\dimen186
)
\AM@pagewidth=\dimen187
\AM@pageheight=\dimen188

(/usr/share/texlive/texmf-dist/tex/latex/pdfpages/pppdftex.def
File: pppdftex.def 2020/01/28 v0.5q Pdfpages driver for pdfTeX (AM)
)
\AM@pagebox=\box59
\AM@global@opts=\toks27
\AM@pagecnt=\count306
\AM@toc@title=\toks28
\c@AM@survey=\count307
\AM@templatesizebox=\box60
)
(/usr/share/texlive/texmf-dist/tex/latex/tools/multicol.sty
Package: multicol 2019/12/09 v1.8y multicolumn formatting (FMi)
\c@tracingmulticols=\count308
\mult@box=\box61
\multicol@leftmargin=\dimen189
\c@unbalance=\count309
\c@collectmore=\count310
\doublecol@number=\count311
\multicoltolerance=\count312
\multicolpretolerance=\count313
\full@width=\dimen190
\page@free=\dimen191
\premulticols=\dimen192
\postmulticols=\dimen193
\multicolsep=\skip71
\multicolbaselineskip=\skip72
\partial@page=\box62
\last@line=\box63
\maxbalancingoverflow=\dimen194
\mult@rightbox=\box64
\mult@grightbox=\box65
\mult@gfirstbox=\box66
\mult@firstbox=\box67
\@tempa=\box68
\@tempa=\box69
\@tempa=\box70
\@tempa=\box71
\@tempa=\box72
\@tempa=\box73
\@tempa=\box74
\@tempa=\box75
\@tempa=\box76
\@tempa=\box77
\@tempa=\box78
\@tempa=\box79
\@tempa=\box80
\@tempa=\box81
\@tempa=\box82
\@tempa=\box83
\@tempa=\box84
\@tempa=\box85
\@tempa=\box86
\@tempa=\box87
\@tempa=\box88
\@tempa=\box89
\@tempa=\box90
\@tempa=\box91
\@tempa=\box92
\@tempa=\box93
\@tempa=\box94
\@tempa=\box95
\@tempa=\box96
\@tempa=\box97
\@tempa=\box98
\@tempa=\box99
\@tempa=\box100
\@tempa=\box101
\@tempa=\box102
\@tempa=\box103
\@tempa=\box104
\c@minrows=\count314
\c@columnbadness=\count315
\c@finalcolumnbadness=\count316
\last@try=\dimen195
\multicolovershoot=\dimen196
\multicolundershoot=\dimen197
\mult@nat@firstbox=\box105
\colbreak@box=\box106
\mc@col@check@num=\count317
)
(/usr/share/texlive/texmf-dist/tex/latex/algorithm2e/algorithm2e.sty
Package: algorithm2e 2017/07/18 v5.2 algorithms environments
\c@AlgoLine=\count318
\algocf@hangindent=\skip73

(/usr/share/texlive/texmf-dist/tex/latex/ifoddpage/ifoddpage.sty
Package: ifoddpage 2016/04/23 v1.1 Conditionals for odd/even page detection
\c@checkoddpage=\count319
)
(/usr/share/texlive/texmf-dist/tex/latex/tools/xspace.sty
Package: xspace 2014/10/28 v1.13 Space after command names (DPC,MH)
)
(/usr/share/texlive/texmf-dist/tex/latex/relsize/relsize.sty
Package: relsize 2013/03/29 ver 4.1
)
\skiptotal=\skip74
\skiplinenumber=\skip75
\skiprule=\skip76
\skiphlne=\skip77
\skiptext=\skip78
\skiplength=\skip79
\algomargin=\skip80
\skipalgocfslide=\skip81
\algowidth=\dimen198
\inoutsize=\dimen199
\inoutindent=\dimen256
\interspacetitleruled=\dimen257
\interspacealgoruled=\dimen258
\interspacetitleboxruled=\dimen259
\algocf@ruledwidth=\skip82
\algocf@inoutbox=\box107
\algocf@inputbox=\box108
\AlCapSkip=\skip83
\AlCapHSkip=\skip84
\algoskipindent=\skip85
\algocf@nlbox=\box109
\algocf@hangingbox=\box110
\algocf@untilbox=\box111
\algocf@skipuntil=\skip86
\algocf@capbox=\box112
\algocf@lcaptionbox=\skip87
\algoheightruledefault=\skip88
\algoheightrule=\skip89
\algotitleheightruledefault=\skip90
\algotitleheightrule=\skip91
\c@algocfline=\count320
\c@algocfproc=\count321
\c@algocf=\count322
\algocf@algoframe=\box113
\algocf@algobox=\box114
)
(/usr/share/texlive/texmf-dist/tex/latex/soul/soul.sty
Package: soul 2003/11/17 v2.4 letterspacing/underlining (mf)
\SOUL@word=\toks29
\SOUL@lasttoken=\toks30
\SOUL@cmds=\toks31
\SOUL@buffer=\toks32
\SOUL@token=\toks33
\SOUL@spaceskip=\skip92
\SOUL@ttwidth=\dimen260
\SOUL@uldp=\dimen261
\SOUL@ulht=\dimen262
)
(/usr/share/texlive/texmf-dist/tex/latex/mhchem/mhchem.sty
Package: mhchem 2018/06/22 v4.08 for typesetting chemical formulae

(/usr/share/texlive/texmf-dist/tex/latex/chemgreek/chemgreek.sty
Package: chemgreek 2020/01/16 v1.1a interface for upright Greek letters for use
 in chemistry (CN)
\l__chemgreek_tmpa_int=\count323
\g__chemgreek_tmpa_int=\count324
)
\l__mhchem_ce_distanceFromLastComma_int=\count325
\__mhchem_arrow_extPgfLength_skip=\skip93
\mhchem@minispace@tmp=\skip94
\mhchem@minibackspace@tmp=\skip95
\mhchem@bondwidth=\skip96
\mhchem@bondheight=\skip97
\mhchem@smallbondwidth@tmpA=\skip98
\mhchem@smallbondwidth@tmpB=\skip99
\mhchem@smallbondwidth=\skip100
\mhchem@bondtmp@minussidebearingleft=\skip101
\mhchem@bondtmp@minussidebearingright=\skip102
\l__mhchem_option_version_int=\count326
\mhchem@option@minusmathsidebearingleft=\dimen263
\mhchem@option@minusmathsidebearingright=\dimen264
\mhchem@option@minustextsidebearingleft=\dimen265
\mhchem@option@minustextsidebearingright=\dimen266


Package mhchem Warning: You did not specify a 'version' option for the mhchem
(mhchem)                package. Please write \usepackage[version=4]{mhchem}
(mhchem)                in your preamble (or any lower number for
(mhchem)                compatibility mode), because you might get slightly
(mhchem)                different output with the same input in future versions
.

) (/usr/share/texlive/texmf-dist/tex/latex/appendix/appendix.sty
Package: appendix 2020/02/08 v1.2c extra appendix facilities
\c@@pps=\count327
\c@@ppsavesec=\count328
\c@@ppsaveapp=\count329
)
(/usr/share/texlive/texmf-dist/tex/latex/float/float.sty
Package: float 2001/11/08 v1.3d Float enhancements (AL)
\c@float@type=\count330
\float@exts=\toks34
\float@box=\box115
\@float@everytoks=\toks35
\@floatcapt=\box116
)
(/usr/share/texlive/texmf-dist/tex/latex/wrapfig/wrapfig.sty
\wrapoverhang=\dimen267
\WF@size=\dimen268
\c@WF@wrappedlines=\count331
\WF@box=\box117
\WF@everypar=\toks36
Package: wrapfig 2003/01/31  v 3.6
)
(/usr/share/texlive/texmf-dist/tex/latex/braket/braket.sty)
(/usr/share/texlive/texmf-dist/tex/latex/mathtools/mathtools.sty
Package: mathtools 2020/01/17 v1.23 mathematical typesetting tools

(/usr/share/texlive/texmf-dist/tex/latex/mathtools/mhsetup.sty
Package: mhsetup 2017/03/31 v1.3 programming setup (MH)
)
LaTeX Info: Thecontrolsequence`\('isalreadyrobust on input line 129.
LaTeX Info: Thecontrolsequence`\)'isalreadyrobust on input line 129.
LaTeX Info: Thecontrolsequence`\['isalreadyrobust on input line 129.
LaTeX Info: Thecontrolsequence`\]'isalreadyrobust on input line 129.
\g_MT_multlinerow_int=\count332
\l_MT_multwidth_dim=\dimen269
\origjot=\skip103
\l_MT_shortvdotswithinadjustabove_dim=\dimen270
\l_MT_shortvdotswithinadjustbelow_dim=\dimen271
\l_MT_above_intertext_sep=\dimen272
\l_MT_below_intertext_sep=\dimen273
\l_MT_above_shortintertext_sep=\dimen274
\l_MT_below_shortintertext_sep=\dimen275
)
(/usr/share/texlive/texmf-dist/tex/latex/physics/physics.sty
Package: physics 


LaTeX3 Warning: Argument delimiter '\big ' for the command '\@quantity' should
(LaTeX3)        be a single character.


LaTeX3 Warning: Argument delimiter '\Big ' for the command '\@quantity' should
(LaTeX3)        be a single character.


LaTeX3 Warning: Argument delimiter '\bigg ' for the command '\@quantity'
(LaTeX3)        should be a single character.


LaTeX3 Warning: Argument delimiter '\Bigg ' for the command '\@quantity'
(LaTeX3)        should be a single character.


LaTeX3 Warning: Argument delimiter '\big ' for the command '\@braces' should
(LaTeX3)        be a single character.


LaTeX3 Warning: Argument delimiter '\Big ' for the command '\@braces' should
(LaTeX3)        be a single character.


LaTeX3 Warning: Argument delimiter '\bigg ' for the command '\@braces' should
(LaTeX3)        be a single character.


LaTeX3 Warning: Argument delimiter '\Bigg ' for the command '\@braces' should
(LaTeX3)        be a single character.


LaTeX3 Warning: Argument delimiter '\big ' for the command '\fbraces' should
(LaTeX3)        be a single character.


LaTeX3 Warning: Argument delimiter '\Big ' for the command '\fbraces' should
(LaTeX3)        be a single character.


LaTeX3 Warning: Argument delimiter '\bigg ' for the command '\fbraces' should
(LaTeX3)        be a single character.


LaTeX3 Warning: Argument delimiter '\Bigg ' for the command '\fbraces' should
(LaTeX3)        be a single character.


LaTeX3 Warning: Argument delimiter '\ket ' for the command '\bra' should be a
(LaTeX3)        single character.

) (/usr/share/texlive/texmf-dist/tex/latex/multirow/multirow.sty
Package: multirow 2019/05/31 v2.5 Span multiple rows of a table
\multirow@colwidth=\skip104
\multirow@cntb=\count333
\multirow@dima=\skip105
\bigstrutjot=\dimen276
)
(/usr/share/texlive/texmf-dist/tex/latex/adjustbox/adjustbox.sty
Package: adjustbox 2019/01/04 v1.2 Adjusting TeX boxes (trim, clip, ...)

(/usr/share/texlive/texmf-dist/tex/latex/xkeyval/xkeyval.sty
Package: xkeyval 2014/12/03 v2.7a package option processing (HA)

(/usr/share/texlive/texmf-dist/tex/generic/xkeyval/xkeyval.tex
(/usr/share/texlive/texmf-dist/tex/generic/xkeyval/xkvutils.tex
\XKV@toks=\toks37
\XKV@tempa@toks=\toks38
)
\XKV@depth=\count334
File: xkeyval.tex 2014/12/03 v2.7a key=value parser (HA)
))
(/usr/share/texlive/texmf-dist/tex/latex/adjustbox/adjcalc.sty
Package: adjcalc 2012/05/16 v1.1 Provides advanced setlength with multiple back
-ends (calc, etex, pgfmath)
)
(/usr/share/texlive/texmf-dist/tex/latex/adjustbox/trimclip.sty
Package: trimclip 2018/04/08 v1.1 Trim and clip general TeX material

(/usr/share/texlive/texmf-dist/tex/latex/collectbox/collectbox.sty
Package: collectbox 2012/05/17 v0.4b Collect macro arguments as boxes
\collectedbox=\box118
)
\tc@llx=\dimen277
\tc@lly=\dimen278
\tc@urx=\dimen279
\tc@ury=\dimen280
Package trimclip Info: Using driver 'tc-pdftex.def'.

(/usr/share/texlive/texmf-dist/tex/latex/adjustbox/tc-pdftex.def
File: tc-pdftex.def 2019/01/04 v2.2 Clipping driver for pdftex
))
\adjbox@Width=\dimen281
\adjbox@Height=\dimen282
\adjbox@Depth=\dimen283
\adjbox@Totalheight=\dimen284
\adjbox@pwidth=\dimen285
\adjbox@pheight=\dimen286
\adjbox@pdepth=\dimen287
\adjbox@ptotalheight=\dimen288

(/usr/share/texlive/texmf-dist/tex/latex/varwidth/varwidth.sty
Package: varwidth 2009/03/30 ver 0.92;  Variable-width minipages
\@vwid@box=\box119
\sift@deathcycles=\count335
\@vwid@loff=\dimen289
\@vwid@roff=\dimen290
)))
(build/principal.aux

LaTeX Warning: Label `fig:rmsd' multiply defined.


LaTeX Warning: Label `fig:dendrogram' multiply defined.

)
\openout1 = `principal.aux'.

LaTeX Font Info:    Checking defaults for OML/cmm/m/it on input line 12.
LaTeX Font Info:    ... okay on input line 12.
LaTeX Font Info:    Checking defaults for OMS/cmsy/m/n on input line 12.
LaTeX Font Info:    ... okay on input line 12.
LaTeX Font Info:    Checking defaults for OT1/cmr/m/n on input line 12.
LaTeX Font Info:    ... okay on input line 12.
LaTeX Font Info:    Checking defaults for T1/cmr/m/n on input line 12.
LaTeX Font Info:    ... okay on input line 12.
LaTeX Font Info:    Checking defaults for TS1/cmr/m/n on input line 12.
LaTeX Font Info:    ... okay on input line 12.
LaTeX Font Info:    Checking defaults for OMX/cmex/m/n on input line 12.
LaTeX Font Info:    ... okay on input line 12.
LaTeX Font Info:    Checking defaults for U/cmr/m/n on input line 12.
LaTeX Font Info:    ... okay on input line 12.
LaTeX Font Info:    Checking defaults for PD1/pdf/m/n on input line 12.
LaTeX Font Info:    ... okay on input line 12.

*geometry* driver: auto-detecting
*geometry* detected driver: pdftex
*geometry* verbose mode - [ preamble ] result:
* driver: pdftex
* paper: a4paper
* layout: <same size as paper>
* layoutoffset:(h,v)=(0.0pt,0.0pt)
* modes: 
* h-part:(L,W,R)=(81.94394pt, 433.62pt, 81.94394pt)
* v-part:(T,H,B)=(106.75473pt, 578.15999pt, 160.13213pt)
* \paperwidth=597.50787pt
* \paperheight=845.04684pt
* \textwidth=433.62pt
* \textheight=578.15999pt
* \oddsidemargin=9.67395pt
* \evensidemargin=9.67395pt
* \topmargin=4.41725pt
* \headheight=12.0pt
* \headsep=18.06749pt
* \topskip=10.0pt
* \footskip=25.29494pt
* \marginparwidth=69.0pt
* \marginparsep=7.0pt
* \columnsep=10.0pt
* \skip\footins=9.0pt plus 4.0pt minus 2.0pt
* \hoffset=0.0pt
* \voffset=0.0pt
* \mag=1000
* \@twocolumnfalse
* \@twosidefalse
* \@mparswitchfalse
* \@reversemarginfalse
* (1in=72.27pt=25.4mm, 1cm=28.453pt)

\c@lstlisting=\count336
\AtBeginShipoutBox=\box120
Package hyperref Info: Link coloring OFF on input line 12.
(/usr/share/texlive/texmf-dist/tex/latex/hyperref/nameref.sty
Package: nameref 2019/09/16 v2.46 Cross-referencing by name of section

(/usr/share/texlive/texmf-dist/tex/latex/refcount/refcount.sty
Package: refcount 2019/12/15 v3.6 Data extraction from label references (HO)
)
(/usr/share/texlive/texmf-dist/tex/generic/gettitlestring/gettitlestring.sty
Package: gettitlestring 2019/12/15 v1.6 Cleanup title references (HO)
)
\c@section@level=\count337
)
LaTeX Info: Redefining \ref on input line 12.
LaTeX Info: Redefining \pageref on input line 12.
LaTeX Info: Redefining \nameref on input line 12.

(build/principal.out) (build/principal.out)
\@outlinefile=\write3
\openout3 = `principal.out'.


(/usr/share/texlive/texmf-dist/tex/latex/translator/translator-basic-dictionary
-English.dict
Dictionary: translator-basic-dictionary, Language: English 
)
(/usr/share/texlive/texmf-dist/tex/latex/siunitx/siunitx-abbreviations.cfg
File: siunitx-abbreviations.cfg 2017/11/26 v2.7k siunitx: Abbreviated units
)
Package caption Info: Begin \AtBeginDocument code.
Package caption Info: float package is loaded.
Package caption Info: wrapfig package is loaded.
Package caption Info: End \AtBeginDocument code.

(/usr/share/texlive/texmf-dist/tex/context/base/mkii/supp-pdf.mkii
[Loading MPS to PDF converter (version 2006.09.02).]
\scratchcounter=\count338
\scratchdimen=\dimen291
\scratchbox=\box121
\nofMPsegments=\count339
\nofMParguments=\count340
\everyMPshowfont=\toks39
\MPscratchCnt=\count341
\MPscratchDim=\dimen292
\MPnumerator=\count342
\makeMPintoPDFobject=\count343
\everyMPtoPDFconversion=\toks40
) (/usr/share/texlive/texmf-dist/tex/latex/epstopdf-pkg/epstopdf-base.sty
Package: epstopdf-base 2020-01-24 v2.11 Base part for package epstopdf
Package epstopdf-base Info: Redefining graphics rule for `.eps' on input line 4
85.

(/usr/share/texlive/texmf-dist/tex/latex/latexconfig/epstopdf-sys.cfg
File: epstopdf-sys.cfg 2010/07/13 v1.3 Configuration of (r)epstopdf for TeX Liv
e
))
(/usr/share/texlive/texmf-dist/tex/latex/pdflscape/pdflscape.sty
Package: pdflscape 2019/12/05 v0.12 Display of landscape pages in PDF (HO)

(/usr/share/texlive/texmf-dist/tex/latex/graphics/lscape.sty
Package: lscape 2000/10/22 v3.01 Landscape Pages (DPC)
)
Package pdflscape Info: Auto-detected driver: pdftex on input line 81.
)

Package chemgreek Info: Activating mapping `default' on line 12.

LaTeX Font Info:    Trying to load font information for U+msa on input line 12.


(/usr/share/texlive/texmf-dist/tex/latex/amsfonts/umsa.fd
File: umsa.fd 2013/01/14 v3.01 AMS symbols A
)
LaTeX Font Info:    Trying to load font information for U+msb on input line 12.


(/usr/share/texlive/texmf-dist/tex/latex/amsfonts/umsb.fd
File: umsb.fd 2013/01/14 v3.01 AMS symbols B
) [1


{/var/lib/texmf/fonts/map/pdftex/updmap/pdftex.map}] (build/principal.tocpdfTeX
 warning (ext4): destination with the same identifier (name{page.1}) has been a
lready used, duplicate ignored
<to be read again> 
                   \relax 
l.42 ...ipolar interactions}{26}{subsection.3.6.2}
                                                  % [1

] [2] [3] [4] [5]
[6])
\tf@toc=\write4
\openout4 = `principal.toc'.

 (./chapters/01/intro-proteins.tex [7]
Chapter 1.
[8

]) (./chapters/02/protein-geometry.tex [9]
Chapter 2.
<chapters/02/images/planar.png, id=1465, 1316.92pt x 629.35126pt>
File: chapters/02/images/planar.png Graphic file (type png)
<use chapters/02/images/planar.png>
Package pdftex.def Info: chapters/02/images/planar.png  used on input line 16.
(pdftex.def)             Requested size: 433.62pt x 207.2256pt.
[10

]
<chapters/02/images/potential.png, id=1472, 725.71124pt x 623.32875pt>
File: chapters/02/images/potential.png Graphic file (type png)
<use chapters/02/images/potential.png>
Package pdftex.def Info: chapters/02/images/potential.png  used on input line 3
9.
(pdftex.def)             Requested size: 217.71504pt x 187.00006pt.
 [11 <./chapters/02/images/planar.png>] [12 <./chapters/02/images/potential.png
>]
<chapters/02/images/rama_map.png, id=1493, 1116.17pt x 743.77875pt>
File: chapters/02/images/rama_map.png Graphic file (type png)
<use chapters/02/images/rama_map.png>
Package pdftex.def Info: chapters/02/images/rama_map.png  used on input line 98
.
(pdftex.def)             Requested size: 334.85358pt x 223.13535pt.
<chapters/02/images/ramachandran-complex.png, id=1495, 659.46375pt x 413.545pt>

File: chapters/02/images/ramachandran-complex.png Graphic file (type png)
<use chapters/02/images/ramachandran-complex.png>
Package pdftex.def Info: chapters/02/images/ramachandran-complex.png  used on i
nput line 108.
(pdftex.def)             Requested size: 197.84064pt x 124.06445pt.
 [13 <./chapters/02/images/rama_map.png>]
<chapters/02/images/ala-gly-theo.png, id=1508, 652.4375pt x 376.40625pt>
File: chapters/02/images/ala-gly-theo.png Graphic file (type png)
<use chapters/02/images/ala-gly-theo.png>
Package pdftex.def Info: chapters/02/images/ala-gly-theo.png  used on input lin
e 117.
(pdftex.def)             Requested size: 195.73276pt x 112.92273pt.
<chapters/02/images/ramachandran-final.png, id=1510, 602.25pt x 365.365pt>
File: chapters/02/images/ramachandran-final.png Graphic file (type png)
<use chapters/02/images/ramachandran-final.png>
Package pdftex.def Info: chapters/02/images/ramachandran-final.png  used on inp
ut line 128.
(pdftex.def)             Requested size: 180.67639pt x 109.61034pt.
 [14 <./chapters/02/images/ramachandran-complex.png> <./chapters/02/images/ala-
gly-theo.png> <./chapters/02/images/ramachandran-final.png>]
<chapters/02/images/ala_gly.png, id=1522, 1370.11874pt x 653.44125pt>
File: chapters/02/images/ala_gly.png Graphic file (type png)
<use chapters/02/images/ala_gly.png>
Package pdftex.def Info: chapters/02/images/ala_gly.png  used on input line 142
.
(pdftex.def)             Requested size: 433.62pt x 206.80223pt.
<chapters/02/images/contact.png, id=1524, 1340.00626pt x 849.1725pt>
File: chapters/02/images/contact.png Graphic file (type png)
<use chapters/02/images/contact.png>
Package pdftex.def Info: chapters/02/images/contact.png  used on input line 169
.
(pdftex.def)             Requested size: 433.62pt x 274.78572pt.
 [15 <./chapters/02/images/ala_gly.png>]
<chapters/02/images/topology.png, id=1533, 1514.65875pt x 778.91pt>
File: chapters/02/images/topology.png Graphic file (type png)
<use chapters/02/images/topology.png>
Package pdftex.def Info: chapters/02/images/topology.png  used on input line 19
2.
(pdftex.def)             Requested size: 433.62pt x 222.99pt.
 [16 <./chapters/02/images/contact.png>] [17 <./chapters/02/images/topology.png
>] [18]
<chapters/02/images/rmsd.png, id=1550, 1161.33875pt x 809.0225pt>
File: chapters/02/images/rmsd.png Graphic file (type png)
<use chapters/02/images/rmsd.png>
Package pdftex.def Info: chapters/02/images/rmsd.png  used on input line 267.
(pdftex.def)             Requested size: 348.40431pt x 242.70862pt.

[19 <./chapters/02/images/rmsd.png>]) (./chapters/03/force-fields.tex [20]
Chapter 3.
[21

]

LaTeX Warning: Reference `chem-bond' on page 22 undefined on input line 42.


LaTeX Warning: Reference `chem-bond' on page 22 undefined on input line 50.

[22] [23] [24] [25] [26] [27] [28]) (./chapters/04/classical-mechanics.tex
[29]
Chapter 4.
[30

] [31] [32] [33] [34] [35] [36] [37] [38])
(./chapters/05/foundations-statistical-mechanics.tex [39]
Chapter 5.
[40

] [41] [42] [43] [44] [45] [46]) (./chapters/06/microcanonical-ensemble.tex
[47]
Chapter 6.
[48

]
Overfull \hbox (14.66551pt too wide) in paragraph at lines 71--78
\T1/cmr/m/n/10 The prob-lem in the mi-cro-canon-i-cal en-sem-ble is to find $\O
ML/cmm/m/it/10 S$\T1/cmr/m/n/10 . Con-sid-er-ing Boltz-mann's re-la-tion $\OML/
cmm/m/it/10 S\OT1/cmr/m/n/10 (\OML/cmm/m/it/10 N; V; E\OT1/cmr/m/n/10 ) =
 []


Package Fancyhdr Warning: \headheight is too small (12.0pt): 
Make it at least 22.48724pt.
We now make it that large for the rest of the document.
This may cause the page layout to be inconsistent, however.

[49] [50] [51] [52] [53] [54] [55]) (./chapters/07/molecular-dynamics.tex
[56]
Chapter 7.
[57

] [58] [59] [60] [61] [62] [63] [64]) (./chapters/08/direct-translation.tex
[65]
Chapter 8.
[66

] [67]

Package hyperref Warning: Token not allowed in a PDF string (PDFDocEncoding):
(hyperref)                removing `math shift' on input line 86.


Package hyperref Warning: Token not allowed in a PDF string (PDFDocEncoding):
(hyperref)                removing `\Delta' on input line 86.


Package hyperref Warning: Token not allowed in a PDF string (PDFDocEncoding):
(hyperref)                removing `\begingroup' on input line 86.


Package hyperref Warning: Token not allowed in a PDF string (PDFDocEncoding):
(hyperref)                removing `\endgroup' on input line 86.


Package hyperref Warning: Token not allowed in a PDF string (PDFDocEncoding):
(hyperref)                removing `\@@over' on input line 86.


Package hyperref Warning: Token not allowed in a PDF string (PDFDocEncoding):
(hyperref)                removing `math shift' on input line 86.

[68] [69] [70]
Overfull \hbox (4.16992pt too wide) detected at line 219
[]
 []

[71]) (./chapters/09/evaluation-energy-forces.tex [72]
Chapter 9.
[73

] [74] [75] [76] [77] [78]
Underfull \hbox (badness 6220) in paragraph at lines 239--240
[]\T1/cmr/m/n/10 Maxwell equa-tion molec-u-lar dy-nam-ics
 []

) (./chapters/10/canonical-ensemble.tex [79]
Chapter 10.
[80

] [81] [82] [83] [84]
Overfull \hbox (37.06064pt too wide) detected at line 234
[]
 []

[85]) (./chapters/11/thermostats.tex [86]
Chapter 11.
[87

] [88] [89] [90] [91] [92] [93] [94] [95] [96] [97]
Overfull \hbox (45.26915pt too wide) detected at line 502
\OML/cmm/m/it/10 ^^N[]\OMS/cmsy/m/n/10 H\OT1/cmr/m/n/10 ([]\OML/cmm/m/it/10 ; [
]\OT1/cmr/m/n/10 ) + [] [] + \OML/cmm/m/it/10 dNkT^^Q[] \OT1/cmr/m/n/10 + \OML/
cmm/m/it/10 kT^^Q[] \OMS/cmsy/m/n/10 ^^@ \OML/cmm/m/it/10 C[][] \OT1/cmr/m/n/10
 = []\OML/cmm/m/it/10 ^^N\OT1/cmr/m/n/10 (\OML/cmm/m/it/10 ^^Q[] \OMS/cmsy/m/n/
10 ^^@ \OML/cmm/m/it/10 ^^Q[]\OT1/cmr/m/n/10 ) \OML/cmm/m/it/10 ^^Q[] \OT1/cmr/
m/n/10 = [][]\OML/cmm/m/it/10 C[] \OMS/cmsy/m/n/10 ^^@ H\OT1/cmr/m/n/10 ([]\OML
/cmm/m/it/10 ; []\OT1/cmr/m/n/10 ) \OMS/cmsy/m/n/10 ^^@ [] [] ^^@ \OML/cmm/m/it
/10 kT^^Q[][]
 []

[98]) (./chapters/12/isobaric-ensembles.tex [99]
Chapter 12.
[100

] [101]

Package caption Warning: \label without proper reference on input line 108.
See the caption package documentation for explanation.


LaTeX Warning: Reference `fig:isobar' on page 102 undefined on input line 103.

<chapters/12/images/isobar.png, id=1968, 513.92pt x 486.81876pt>
File: chapters/12/images/isobar.png Graphic file (type png)
<use chapters/12/images/isobar.png>
Package pdftex.def Info: chapters/12/images/isobar.png  used on input line 107.

(pdftex.def)             Requested size: 205.56435pt x 194.72404pt.
[102]
Overfull \hbox (8.67249pt too wide) detected at line 125
\OML/cmm/m/it/10 Q\OT1/cmr/m/n/10 (\OML/cmm/m/it/10 N; V; T\OT1/cmr/m/n/10 ) = 
\OML/cmm/m/it/10 C[] [] dx[]dx[]e[] \OT1/cmr/m/n/10 = \OML/cmm/m/it/10 g\OT1/cm
r/m/n/10 (\OML/cmm/m/it/10 N; N[]; N[]\OT1/cmr/m/n/10 )\OML/cmm/m/it/10 C[] [] 
dx[]e[]C[] [] dx[]e[]
 []


Overfull \hbox (19.63513pt too wide) detected at line 142
\OML/cmm/m/it/10 f\OT1/cmr/m/n/10 (\OML/cmm/m/it/10 x[]\OT1/cmr/m/n/10 ) = []\O
ML/cmm/m/it/10 C[]e[]C[] [] dx[]e[] \OT1/cmr/m/n/10 = []\OML/cmm/m/it/10 g\OT1/
cmr/m/n/10 (\OML/cmm/m/it/10 N; N[]; N[]\OT1/cmr/m/n/10 )\OML/cmm/m/it/10 C[]e[
]
 []

[103 <./chapters/12/images/isobar.png>]
Overfull \hbox (18.27873pt too wide) detected at line 179
\OMS/cmsy/m/n/10 h\OML/cmm/m/it/10 E \OT1/cmr/m/n/10 + \OML/cmm/m/it/10 PV\OMS/
cmsy/m/n/10 i \OT1/cmr/m/n/10 = [] = \OMS/cmsy/m/n/10 ^^@[][] \OT1/cmr/m/n/10 =
 \OMS/cmsy/m/n/10 ^^@[]
 []

[104]
<chapters/12/images/maxwell_square.png, id=1986, 594.22pt x 585.18625pt>
File: chapters/12/images/maxwell_square.png Graphic file (type png)
<use chapters/12/images/maxwell_square.png>
Package pdftex.def Info: chapters/12/images/maxwell_square.png  used on input l
ine 228.
(pdftex.def)             Requested size: 59.42548pt x 58.52205pt.
 [105 <./chapters/12/images/maxwell_square.png>] [106] [107] [108]
[109]) (./chapters/13/grand-canonical-ensemble.tex [110]
Chapter 13.
[111

] [112]
<chapters/13/images/grand.png, id=2026, 521.95pt x 486.81876pt>
File: chapters/13/images/grand.png Graphic file (type png)
<use chapters/13/images/grand.png>
Package pdftex.def Info: chapters/13/images/grand.png  used on input line 84.
(pdftex.def)             Requested size: 260.97435pt x 243.40878pt.

Overfull \hbox (32.25241pt too wide) detected at line 104
\OML/cmm/m/it/10 Q\OT1/cmr/m/n/10 (\OML/cmm/m/it/10 N; V; T\OT1/cmr/m/n/10 ) = 
[][] [] \OML/cmm/m/it/10 dx[]e[][] [] dx[] \OT1/cmr/m/n/10 = []\OML/cmm/m/it/10
 Q[]\OT1/cmr/m/n/10 (\OML/cmm/m/it/10 N[]; V[]; T\OT1/cmr/m/n/10 )\OML/cmm/m/it
/10 Q[]\OT1/cmr/m/n/10 (\OML/cmm/m/it/10 N[]; V[]; T\OT1/cmr/m/n/10 )
 []

[113 <./chapters/13/images/grand.png>] [114] [115] [116] [117])
(./chapters/14/uncertainties-sampling-quality.tex [118]
Chapter 14.
[119

] [120]
<chapters/14/images/time-scales.png, id=2071, 567.11874pt x 400.49625pt>
File: chapters/14/images/time-scales.png Graphic file (type png)
<use chapters/14/images/time-scales.png>
Package pdftex.def Info: chapters/14/images/time-scales.png  used on input line
 67.
(pdftex.def)             Requested size: 226.84348pt x 160.19566pt.
 [121 <./chapters/14/images/time-scales.png>]
Underfull \hbox (badness 5359) in paragraph at lines 99--102
[]\T1/cmr/m/n/10 Configurational dis-tance mea-sures like
 []


LaTeX Warning: Reference `all-to-all-rmsd' on page 122 undefined on input line 
106.

<chapters/14/images/rmsd.png, id=2079, 481.8pt x 464.73625pt>
File: chapters/14/images/rmsd.png Graphic file (type png)
<use chapters/14/images/rmsd.png>
Package pdftex.def Info: chapters/14/images/rmsd.png  used on input line 113.
(pdftex.def)             Requested size: 195.12767pt x 188.21715pt.
<chapters/14/images/all-to-all-rmsd.png, id=2080, 555.07375pt x 492.84125pt>
File: chapters/14/images/all-to-all-rmsd.png Graphic file (type png)
<use chapters/14/images/all-to-all-rmsd.png>
Package pdftex.def Info: chapters/14/images/all-to-all-rmsd.png  used on input 
line 121.
(pdftex.def)             Requested size: 195.12767pt x 173.24902pt.
<chapters/14/images/qualitative-behaviour.png, id=2083, 520.94624pt x 398.48875
pt>
File: chapters/14/images/qualitative-behaviour.png Graphic file (type png)
<use chapters/14/images/qualitative-behaviour.png>
Package pdftex.def Info: chapters/14/images/qualitative-behaviour.png  used on 
input line 138.
(pdftex.def)             Requested size: 260.47249pt x 199.24388pt.
[122 <./chapters/14/images/rmsd.png> <./chapters/14/images/all-to-all-rmsd.png>
] [123 <./chapters/14/images/qualitative-behaviour.png>]
<chapters/14/images/independent-simulations.png, id=2103, 539.01375pt x 515.927
5pt>
File: chapters/14/images/independent-simulations.png Graphic file (type png)
<use chapters/14/images/independent-simulations.png>
Package pdftex.def Info: chapters/14/images/independent-simulations.png  used o
n input line 183.
(pdftex.def)             Requested size: 215.60167pt x 206.36734pt.
<chapters/14/images/equilibration.png, id=2105, 530.98375pt x 374.39874pt>
File: chapters/14/images/equilibration.png Graphic file (type png)
<use chapters/14/images/equilibration.png>
Package pdftex.def Info: chapters/14/images/equilibration.png  used on input li
ne 193.
(pdftex.def)             Requested size: 265.49121pt x 187.19891pt.
 [124 <./chapters/14/images/independent-simulations.png>]
<chapters/14/images/equilibration-production.png, id=2115, 630.355pt x 367.3725
pt>
File: chapters/14/images/equilibration-production.png Graphic file (type png)
<use chapters/14/images/equilibration-production.png>
Package pdftex.def Info: chapters/14/images/equilibration-production.png  used 
on input line 205.
(pdftex.def)             Requested size: 315.17673pt x 183.68579pt.
 [125 <./chapters/14/images/equilibration.png> <./chapters/14/images/equilibrat
ion-production.png>]
Overfull \hbox (1.92308pt too wide) detected at line 232
[] \OMS/cmsy/m/n/10 ! []
 []

[126]
<chapters/14/images/autocorrelation-time.png, id=2133, 545.03625pt x 361.35pt>
File: chapters/14/images/autocorrelation-time.png Graphic file (type png)
<use chapters/14/images/autocorrelation-time.png>
Package pdftex.def Info: chapters/14/images/autocorrelation-time.png  used on i
nput line 274.
(pdftex.def)             Requested size: 327.02428pt x 216.81168pt.
 [127] [128 <./chapters/14/images/autocorrelation-time.png>]
<chapters/14/images/block-length.png, id=2144, 726.715pt x 533.995pt>
File: chapters/14/images/block-length.png Graphic file (type png)
<use chapters/14/images/block-length.png>
Package pdftex.def Info: chapters/14/images/block-length.png  used on input lin
e 309.
(pdftex.def)             Requested size: 195.12767pt x 143.38206pt.
<chapters/14/images/bse.png, id=2145, 738.76pt x 529.98pt>
File: chapters/14/images/bse.png Graphic file (type png)
<use chapters/14/images/bse.png>
Package pdftex.def Info: chapters/14/images/bse.png  used on input line 317.
(pdftex.def)             Requested size: 195.12767pt x 139.98308pt.
)
(./chapters/15/protein-motions.tex [129 <./chapters/14/images/block-length.png>
 <./chapters/14/images/bse.png>]
Chapter 15.
<chapters/15/images/enm-theory.png, id=2154, 331.2375pt x 264.99pt>
File: chapters/15/images/enm-theory.png Graphic file (type png)
<use chapters/15/images/enm-theory.png>
Package pdftex.def Info: chapters/15/images/enm-theory.png  used on input line 
10.
(pdftex.def)             Requested size: 165.61833pt x 132.49467pt.
[130

 <./chapters/15/images/enm-theory.png>]
<chapters/15/images/kirchoff-adjacency-matrix.png, id=2162, 628.3475pt x 259.97
125pt>
File: chapters/15/images/kirchoff-adjacency-matrix.png Graphic file (type png)
<use chapters/15/images/kirchoff-adjacency-matrix.png>
Package pdftex.def Info: chapters/15/images/kirchoff-adjacency-matrix.png  used
 on input line 52.
(pdftex.def)             Requested size: 433.62pt x 179.40414pt.
 [131 <./chapters/15/images/kirchoff-adjacency-matrix.png>]
<chapters/15/images/gnm-b-factors.png, id=2170, 532.99126pt x 384.43625pt>
File: chapters/15/images/gnm-b-factors.png Graphic file (type png)
<use chapters/15/images/gnm-b-factors.png>
Package pdftex.def Info: chapters/15/images/gnm-b-factors.png  used on input li
ne 96.
(pdftex.def)             Requested size: 433.62pt x 312.77016pt.
 [132]
<chapters/15/images/biological-relevance.png, id=2180, 720.6925pt x 453.695pt>
File: chapters/15/images/biological-relevance.png Graphic file (type png)
<use chapters/15/images/biological-relevance.png>
Package pdftex.def Info: chapters/15/images/biological-relevance.png  used on i
nput line 107.
(pdftex.def)             Requested size: 433.62pt x 272.97368pt.
 [133 <./chapters/15/images/gnm-b-factors.png>]
[134 <./chapters/15/images/biological-relevance.png>]
<chapters/15/images/asm-correlated-motion.png, id=2194, 684.5575pt x 351.3125pt
>
File: chapters/15/images/asm-correlated-motion.png Graphic file (type png)
<use chapters/15/images/asm-correlated-motion.png>
Package pdftex.def Info: chapters/15/images/asm-correlated-motion.png  used on 
input line 158.
(pdftex.def)             Requested size: 433.62pt x 222.53954pt.
 [135] [136 <./chapters/15/images/asm-correlated-motion.png>]
<chapters/15/images/eigenvalue-scree-plot.png, id=2207, 544.0325pt x 423.5825pt
>
File: chapters/15/images/eigenvalue-scree-plot.png Graphic file (type png)
<use chapters/15/images/eigenvalue-scree-plot.png>
Package pdftex.def Info: chapters/15/images/eigenvalue-scree-plot.png  used on 
input line 217.
(pdftex.def)             Requested size: 272.01558pt x 211.79073pt.
 [137]
<chapters/15/images/eigenvalue-collectivity.png, id=2221, 637.38126pt x 269.005
pt>
File: chapters/15/images/eigenvalue-collectivity.png Graphic file (type png)
<use chapters/15/images/eigenvalue-collectivity.png>
Package pdftex.def Info: chapters/15/images/eigenvalue-collectivity.png  used o
n input line 227.
(pdftex.def)             Requested size: 254.94798pt x 107.60008pt.
<chapters/15/images/weighted-rmsd.png, id=2223, 540.0175pt x 247.92625pt>
File: chapters/15/images/weighted-rmsd.png Graphic file (type png)
<use chapters/15/images/weighted-rmsd.png>
Package pdftex.def Info: chapters/15/images/weighted-rmsd.png  used on input li
ne 238.
(pdftex.def)             Requested size: 216.00316pt x 99.16873pt.
 [138 <./chapters/15/images/eigenvalue-scree-plot.png> <./chapters/15/images/ei
genvalue-collectivity.png>]
<chapters/15/images/scatter-plot-pcs-modes.png, id=2237, 623.32875pt x 434.6237
5pt>
File: chapters/15/images/scatter-plot-pcs-modes.png Graphic file (type png)
<use chapters/15/images/scatter-plot-pcs-modes.png>
Package pdftex.def Info: chapters/15/images/scatter-plot-pcs-modes.png  used on
 input line 252.
(pdftex.def)             Requested size: 249.32707pt x 173.8464pt.
<chapters/15/images/scatter-plot-pcs.png, id=2239, 770.88pt x 450.68375pt>
File: chapters/15/images/scatter-plot-pcs.png Graphic file (type png)
<use chapters/15/images/scatter-plot-pcs.png>
Package pdftex.def Info: chapters/15/images/scatter-plot-pcs.png  used on input
 line 260.
(pdftex.def)             Requested size: 433.62pt x 253.50897pt.
 [139 <./chapters/15/images/weighted-rmsd.png> <./chapters/15/images/scatter-pl
ot-pcs-modes.png>]
<chapters/15/images/cosine-content.png, id=2250, 415.5525pt x 330.23375pt>
File: chapters/15/images/cosine-content.png Graphic file (type png)
<use chapters/15/images/cosine-content.png>
Package pdftex.def Info: chapters/15/images/cosine-content.png  used on input l
ine 278.
(pdftex.def)             Requested size: 249.33342pt x 198.14177pt.
 [140 <./chapters/15/images/scatter-plot-pcs.png>])
(./chapters/16/clustering-protein-structure-networks.tex [141 <./chapters/15/im
ages/cosine-content.png>]
Chapter 16.
[142

]
<chapters/16/images/dendrogram.png, id=2269, 421.575pt x 179.67125pt>
File: chapters/16/images/dendrogram.png Graphic file (type png)
<use chapters/16/images/dendrogram.png>
Package pdftex.def Info: chapters/16/images/dendrogram.png  used on input line 
64.
(pdftex.def)             Requested size: 433.62pt x 184.80847pt.
<chapters/16/images/correct-number.png, id=2270, 814.04124pt x 448.67625pt>
File: chapters/16/images/correct-number.png Graphic file (type png)
<use chapters/16/images/correct-number.png>
Package pdftex.def Info: chapters/16/images/correct-number.png  used on input l
ine 79.
(pdftex.def)             Requested size: 433.62pt x 238.99538pt.
 [143 <./chapters/16/images/dendrogram.png>]
<chapters/16/images/outliers.png, id=2278, 799.98875pt x 447.6725pt>
File: chapters/16/images/outliers.png Graphic file (type png)
<use chapters/16/images/outliers.png>
Package pdftex.def Info: chapters/16/images/outliers.png  used on input line 88
.
(pdftex.def)             Requested size: 433.62pt x 242.65489pt.
 [144 <./chapters/16/images/correct-number.png>] [145 <./chapters/16/images/out
liers.png>]
<chapters/16/images/elbow.png, id=2294, 812.03375pt x 383.4325pt>
File: chapters/16/images/elbow.png Graphic file (type png)
<use chapters/16/images/elbow.png>
Package pdftex.def Info: chapters/16/images/elbow.png  used on input line 152.
(pdftex.def)             Requested size: 433.62pt x 204.74529pt.
 [146]
<chapters/16/images/psn.png, id=2306, 848.16875pt x 453.695pt>
File: chapters/16/images/psn.png Graphic file (type png)
<use chapters/16/images/psn.png>
Package pdftex.def Info: chapters/16/images/psn.png  used on input line 161.
(pdftex.def)             Requested size: 433.62pt x 231.94905pt.
 [147 <./chapters/16/images/elbow.png> <./chapters/16/images/psn.png>] [148]
<chapters/16/images/p53.png, id=2321, 502.87875pt x 356.33125pt>
File: chapters/16/images/p53.png Graphic file (type png)
<use chapters/16/images/p53.png>
Package pdftex.def Info: chapters/16/images/p53.png  used on input line 245.
(pdftex.def)             Requested size: 433.62pt x 307.25447pt.
 [149]
<chapters/16/images/vap.png, id=2327, 583.17876pt x 318.18875pt>
File: chapters/16/images/vap.png Graphic file (type png)
<use chapters/16/images/vap.png>
Package pdftex.def Info: chapters/16/images/vap.png  used on input line 254.
(pdftex.def)             Requested size: 433.62pt x 236.59209pt.
)
(./chapters/17/monte-carlo.tex [150 <./chapters/16/images/p53.png>] [151 <./cha
pters/16/images/vap.png>]
Chapter 17.
[152

] [153] [154]
<chapters/17/images/importance-sampling.png, id=2357, 683.55376pt x 230.8625pt>

File: chapters/17/images/importance-sampling.png Graphic file (type png)
<use chapters/17/images/importance-sampling.png>
Package pdftex.def Info: chapters/17/images/importance-sampling.png  used on in
put line 137.
(pdftex.def)             Requested size: 433.62pt x 146.45161pt.
 [155 <./chapters/17/images/importance-sampling.png>] [156]
Overfull \hbox (4.5634pt too wide) in paragraph at lines 231--234
[]\T1/cmr/m/n/10 If $\OML/cmm/m/it/10 r\OT1/cmr/m/n/10 (\OML/cmm/m/it/10 x[]\OM
S/cmsy/m/n/10 j\OML/cmm/m/it/10 x[]\OT1/cmr/m/n/10 ) \OML/cmm/m/it/10 > \OT1/cm
r/m/n/10 1$ \T1/cmr/m/n/10 ac-cept the move, oth-er-wise ac-cept the move with 
prob-a-bil-ity given by $\OML/cmm/m/it/10 r\OT1/cmr/m/n/10 (\OML/cmm/m/it/10 x[
]\OMS/cmsy/m/n/10 j\OML/cmm/m/it/10 x[]\OT1/cmr/m/n/10 )$\T1/cmr/m/n/10 :
 []

[157] [158] [159] [160]) (./chapters/18/free-energy-calculations.tex [161]
Chapter 18.
<chapters/18/images/enzymes.png, id=2392, 599.23875pt x 216.81pt>
File: chapters/18/images/enzymes.png Graphic file (type png)
<use chapters/18/images/enzymes.png>
Package pdftex.def Info: chapters/18/images/enzymes.png  used on input line 12.

(pdftex.def)             Requested size: 239.69125pt x 86.72246pt.
[162

 <./chapters/18/images/enzymes.png>] [163]
<chapters/18/images/ddm.png, id=2404, 564.1075pt x 478.78876pt>
File: chapters/18/images/ddm.png Graphic file (type png)
<use chapters/18/images/ddm.png>
Package pdftex.def Info: chapters/18/images/ddm.png  used on input line 103.
(pdftex.def)             Requested size: 282.05305pt x 239.39378pt.
 [164]
<chapters/18/images/adiabatic-free-energy-dynamics.png, id=2409, 657.45625pt x 
288.07625pt>
File: chapters/18/images/adiabatic-free-energy-dynamics.png Graphic file (type 
png)
<use chapters/18/images/adiabatic-free-energy-dynamics.png>
Package pdftex.def Info: chapters/18/images/adiabatic-free-energy-dynamics.png 
 used on input line 132.
(pdftex.def)             Requested size: 328.72733pt x 144.03777pt.
 [165 <./chapters/18/images/ddm.png>] [166 <./chapters/18/images/adiabatic-free
-energy-dynamics.png>]
[167]
Overfull \hbox (12.99838pt too wide) detected at line 235
\OMS/cmsy/m/n/10 h\OML/cmm/m/it/10 e[]\OMS/cmsy/m/n/10 i[] \OT1/cmr/m/n/10 = []
 [] \OML/cmm/m/it/10 dx[]e[]e[] \OT1/cmr/m/n/10 = [] [] \OML/cmm/m/it/10 dx[]e[
]
 []

<chapters/18/images/pulling.png, id=2427, 380.42125pt x 595.22375pt>
File: chapters/18/images/pulling.png Graphic file (type png)
<use chapters/18/images/pulling.png>
Package pdftex.def Info: chapters/18/images/pulling.png  used on input line 251
.
(pdftex.def)             Requested size: 190.21014pt x 297.61115pt.
[168]
<chapters/18/images/dist.png, id=2435, 739.76375pt x 555.07375pt>
File: chapters/18/images/dist.png Graphic file (type png)
<use chapters/18/images/dist.png>
Package pdftex.def Info: chapters/18/images/dist.png  used on input line 274.
(pdftex.def)             Requested size: 369.88097pt x 277.53618pt.
 [169 <./chapters/18/images/pulling.png>]
<chapters/18/images/rough.png, id=2444, 684.5575pt x 521.95pt>
File: chapters/18/images/rough.png Graphic file (type png)
<use chapters/18/images/rough.png>
Package pdftex.def Info: chapters/18/images/rough.png  used on input line 297.
(pdftex.def)             Requested size: 342.27791pt x 260.97435pt.
 [170 <./chapters/18/images/dist.png>]
<chapters/18/images/RE.png, id=2452, 841.1425pt x 585.18625pt>
File: chapters/18/images/RE.png Graphic file (type png)
<use chapters/18/images/RE.png>
Package pdftex.def Info: chapters/18/images/RE.png  used on input line 312.
(pdftex.def)             Requested size: 420.57022pt x 292.5924pt.
 [171 <./chapters/18/images/rough.png>] [172 <./chapters/18/images/RE.png>]) (.
/chapters/19/rare-events.tex [173]
Chapter 19.

LaTeX Warning: Reference `fig:rough-free-energy' on page 174 undefined on input
 line 10.

<chapters/19/images/rough-free-energy-surfaces.png, id=2472, 656.4525pt x 347.2
975pt>
File: chapters/19/images/rough-free-energy-surfaces.png Graphic file (type png)

<use chapters/19/images/rough-free-energy-surfaces.png>
Package pdftex.def Info: chapters/19/images/rough-free-energy-surfaces.png  use
d on input line 13.
(pdftex.def)             Requested size: 433.62pt x 229.40782pt.
[174

 <./chapters/19/images/rough-free-energy-surfaces.png>] [175] [176]
[177] [178]) (./chapters/20/advanced-methods.tex [179] [180]
Chapter 20.
[181

]
<chapters/20/images/tamd.png, id=2510, 700.6175pt x 469.755pt>
File: chapters/20/images/tamd.png Graphic file (type png)
<use chapters/20/images/tamd.png>
Package pdftex.def Info: chapters/20/images/tamd.png  used on input line 67.
(pdftex.def)             Requested size: 433.62pt x 290.74335pt.
 [182] [183 <./chapters/20/images/tamd.png>]
<chapters/20/images/transition-path-ensemble.png, id=2521, 593.21625pt x 176.66
pt>
File: chapters/20/images/transition-path-ensemble.png Graphic file (type png)
<use chapters/20/images/transition-path-ensemble.png>
Package pdftex.def Info: chapters/20/images/transition-path-ensemble.png  used 
on input line 110.
(pdftex.def)             Requested size: 433.62pt x 129.13593pt.
 [184 <./chapters/20/images/transition-path-ensemble.png>]
Overfull \hbox (30.5368pt too wide) in paragraph at lines 150--152
\T1/cmr/m/n/10 Following the same method in Monte Carlo meth-ods and Metropo-li
s al-go-rithm, in-tro-duce $\OMS/cmsy/m/n/10 R[]\OT1/cmr/m/n/10 [\OML/cmm/m/it/
10 X\OT1/cmr/m/n/10 (\OMS/cmsy/m/n/10 T\OT1/cmr/m/n/10 )\OMS/cmsy/m/n/10 j\OML/
cmm/m/it/10 Y\OT1/cmr/m/n/10 (\OMS/cmsy/m/n/10 T\OT1/cmr/m/n/10 )]$\T1/cmr/m/n/
10 ,
 []

[185]
<chapters/20/images/transition-path-sampling.png, id=2532, 670.505pt x 280.0462
5pt>
File: chapters/20/images/transition-path-sampling.png Graphic file (type png)
<use chapters/20/images/transition-path-sampling.png>
Package pdftex.def Info: chapters/20/images/transition-path-sampling.png  used 
on input line 170.
(pdftex.def)             Requested size: 433.62pt x 181.10489pt.

Overfull \hbox (31.77632pt too wide) detected at line 196
[]
 []

[186 <./chapters/20/images/transition-path-sampling.png>] [187]
<chapters/20/images/committor-distribution.png, id=2552, 657.45625pt x 312.1662
4pt>
File: chapters/20/images/committor-distribution.png Graphic file (type png)
<use chapters/20/images/committor-distribution.png>
Package pdftex.def Info: chapters/20/images/committor-distribution.png  used on
 input line 226.
(pdftex.def)             Requested size: 433.62pt x 205.88745pt.


Package hyperref Warning: Token not allowed in a PDF string (PDFDocEncoding):
(hyperref)                removing `math shift' on input line 239.


Package hyperref Warning: Token not allowed in a PDF string (PDFDocEncoding):
(hyperref)                removing `subscript' on input line 239.


Package hyperref Warning: Token not allowed in a PDF string (PDFDocEncoding):
(hyperref)                removing `superscript' on input line 239.


Package hyperref Warning: Token not allowed in a PDF string (PDFDocEncoding):
(hyperref)                removing `\ddagger' on input line 239.


Package hyperref Warning: Token not allowed in a PDF string (PDFDocEncoding):
(hyperref)                removing `math shift' on input line 239.

[188 <./chapters/20/images/committor-distribution.png>]
<chapters/20/images/histogram-test.png, id=2564, 749.80125pt x 356.33125pt>
File: chapters/20/images/histogram-test.png Graphic file (type png)
<use chapters/20/images/histogram-test.png>
Package pdftex.def Info: chapters/20/images/histogram-test.png  used on input l
ine 257.
(pdftex.def)             Requested size: 433.62pt x 206.07417pt.
)
Package atveryend Info: Empty hook `BeforeClearDocument' on input line 37.
 [189 <./chapters/20/images/histogram-test.png>]
Package atveryend Info: Empty hook `AfterLastShipout' on input line 37.
 (build/principal.aux)
Package atveryend Info: Executing hook `AtVeryEndDocument' on input line 37.
Package atveryend Info: Executing hook `AtEndAfterFileList' on input line 37.
Package rerunfilecheck Info: File `principal.out' has not changed.
(rerunfilecheck)             Checksum: <no file>.


LaTeX Warning: There were undefined references.


LaTeX Warning: There were multiply-defined labels.

Package atveryend Info: Empty hook `AtVeryVeryEnd' on input line 37.
 ) 
Here is how much of TeX's memory you used:
 19951 strings out of 482820
 346762 string characters out of 5957805
 669568 words of memory out of 5000000
 34126 multiletter control sequences out of 15000+600000
 557946 words of font info for 90 fonts, out of 8000000 for 9000
 81 hyphenation exceptions out of 8191
 44i,19n,79p,712b,1112s stack positions out of 5000i,500n,10000p,200000b,80000s
 </home/elisa/.texlive2019/texmf-var/fonts/pk/ljfour/jknappen/ec/ecrm0800.600
pk> </home/elisa/.texlive2019/texmf-var/fonts/pk/ljfour/jknappen/ec/ecrm0600.60
0pk> </home/elisa/.texlive2019/texmf-var/fonts/pk/ljfour/jknappen/ec/ecti1000.6
00pk> </home/elisa/.texlive2019/texmf-var/fonts/pk/ljfour/jknappen/ec/ecrm0500.
600pk> </home/elisa/.texlive2019/texmf-var/fonts/pk/ljfour/jknappen/ec/ecrm0700
.600pk> </home/elisa/.texlive2019/texmf-var/fonts/pk/ljfour/jknappen/ec/ecbx090
0.600pk> </home/elisa/.texlive2019/texmf-var/fonts/pk/ljfour/jknappen/ec/ecbx12
00.600pk> </home/elisa/.texlive2019/texmf-var/fonts/pk/ljfour/jknappen/ec/tcrm1
000.600pk> </home/elisa/.texlive2019/texmf-var/fonts/pk/ljfour/jknappen/ec/ecbx
1440.600pk> </home/elisa/.texlive2019/texmf-var/fonts/pk/ljfour/jknappen/ec/ecb
x2074.600pk> </home/elisa/.texlive2019/texmf-var/fonts/pk/ljfour/jknappen/ec/ec
rm1000.600pk> </home/elisa/.texlive2019/texmf-var/fonts/pk/ljfour/jknappen/ec/e
cbx1000.600pk> </home/elisa/.texlive2019/texmf-var/fonts/pk/ljfour/jknappen/ec/
ecrm0900.600pk> </home/elisa/.texlive2019/texmf-var/fonts/pk/ljfour/jknappen/ec
/ecrm1200.600pk> </home/elisa/.texlive2019/texmf-var/fonts/pk/ljfour/jknappen/e
c/ecbx2488.600pk></usr/share/texlive/texmf-dist/fonts/type1/public/amsfonts/cm/
cmex10.pfb></usr/share/texlive/texmf-dist/fonts/type1/public/amsfonts/cmextra/c
mex7.pfb></usr/share/texlive/texmf-dist/fonts/type1/public/amsfonts/cm/cmmi10.p
fb></usr/share/texlive/texmf-dist/fonts/type1/public/amsfonts/cm/cmmi12.pfb></u
sr/share/texlive/texmf-dist/fonts/type1/public/amsfonts/cm/cmmi5.pfb></usr/shar
e/texlive/texmf-dist/fonts/type1/public/amsfonts/cm/cmmi6.pfb></usr/share/texli
ve/texmf-dist/fonts/type1/public/amsfonts/cm/cmmi7.pfb></usr/share/texlive/texm
f-dist/fonts/type1/public/amsfonts/cm/cmmi8.pfb></usr/share/texlive/texmf-dist/
fonts/type1/public/amsfonts/cm/cmmi9.pfb></usr/share/texlive/texmf-dist/fonts/t
ype1/public/amsfonts/cm/cmr10.pfb></usr/share/texlive/texmf-dist/fonts/type1/pu
blic/amsfonts/cm/cmr12.pfb></usr/share/texlive/texmf-dist/fonts/type1/public/am
sfonts/cm/cmr5.pfb></usr/share/texlive/texmf-dist/fonts/type1/public/amsfonts/c
m/cmr6.pfb></usr/share/texlive/texmf-dist/fonts/type1/public/amsfonts/cm/cmr7.p
fb></usr/share/texlive/texmf-dist/fonts/type1/public/amsfonts/cm/cmr8.pfb></usr
/share/texlive/texmf-dist/fonts/type1/public/amsfonts/cm/cmr9.pfb></usr/share/t
exlive/texmf-dist/fonts/type1/public/amsfonts/cm/cmsy10.pfb></usr/share/texlive
/texmf-dist/fonts/type1/public/amsfonts/cm/cmsy5.pfb></usr/share/texlive/texmf-
dist/fonts/type1/public/amsfonts/cm/cmsy6.pfb></usr/share/texlive/texmf-dist/fo
nts/type1/public/amsfonts/cm/cmsy7.pfb></usr/share/texlive/texmf-dist/fonts/typ
e1/public/amsfonts/cm/cmsy8.pfb></usr/share/texlive/texmf-dist/fonts/type1/publ
ic/amsfonts/cm/cmsy9.pfb></usr/share/texlive/texmf-dist/fonts/type1/public/amsf
onts/latxfont/line10.pfb>
Output written on build/principal.pdf (190 pages, 6352886 bytes).
PDF statistics:
 3370 PDF objects out of 3580 (max. 8388607)
 2485 compressed objects within 25 object streams
 648 named destinations out of 1000 (max. 500000)
 2508 words of extra memory for PDF output out of 10000 (max. 10000000)

