\BOOKMARK [0][-]{chapter.1}{\376\377\000I\000n\000t\000r\000o\000d\000u\000c\000t\000i\000o\000n\000\040\000a\000n\000d\000\040\000p\000r\000o\000t\000e\000i\000n\000s}{}% 1
\BOOKMARK [1][-]{section.1.1}{\376\377\000I\000n\000t\000r\000o\000d\000u\000c\000t\000i\000o\000n}{chapter.1}% 2
\BOOKMARK [1][-]{section.1.2}{\376\377\000P\000r\000o\000t\000e\000i\000n\000s}{chapter.1}% 3
\BOOKMARK [2][-]{subsection.1.2.1}{\376\377\000A\000m\000i\000n\000o\000-\000a\000c\000i\000d\000s}{section.1.2}% 4
\BOOKMARK [2][-]{subsection.1.2.2}{\376\377\000S\000t\000r\000u\000c\000t\000u\000r\000e}{section.1.2}% 5
\BOOKMARK [0][-]{chapter.2}{\376\377\000P\000r\000o\000t\000e\000i\000n\000s\000'\000\040\000g\000e\000o\000m\000e\000t\000r\000y}{}% 6
\BOOKMARK [1][-]{section.2.1}{\376\377\000I\000n\000t\000r\000o\000d\000u\000c\000t\000i\000o\000n}{chapter.2}% 7
\BOOKMARK [1][-]{section.2.2}{\376\377\000T\000h\000e\000\040\000p\000e\000p\000t\000i\000d\000e\000\040\000b\000o\000n\000d}{chapter.2}% 8
\BOOKMARK [2][-]{subsection.2.2.1}{\376\377\000T\000r\000a\000n\000s\000\040\000a\000n\000d\000\040\000c\000i\000s}{section.2.2}% 9
\BOOKMARK [1][-]{section.2.3}{\376\377\000T\000h\000e\000\040\000R\000a\000m\000a\000c\000h\000a\000n\000d\000r\000a\000n\000\040\000a\000n\000g\000l\000e\000s}{chapter.2}% 10
\BOOKMARK [2][-]{subsection.2.3.1}{\376\377\000D\000i\000f\000f\000i\000c\000u\000l\000t\000y\000\040\000o\000f\000\040\000r\000o\000t\000a\000t\000i\000o\000n}{section.2.3}% 11
\BOOKMARK [2][-]{subsection.2.3.2}{\376\377\000R\000a\000m\000a\000c\000h\000a\000n\000d\000r\000a\000n\000\040\000p\000l\000o\000t}{section.2.3}% 12
\BOOKMARK [1][-]{section.2.4}{\376\377\000C\000o\000n\000t\000a\000c\000t\000\040\000m\000a\000p\000\040\000o\000f\000\040\000p\000r\000o\000t\000e\000i\000n\000s}{chapter.2}% 13
\BOOKMARK [2][-]{subsection.2.4.1}{\376\377\000D\000e\000f\000i\000n\000i\000n\000g\000\040\000a\000\040\000c\000o\000n\000t\000a\000c\000t}{section.2.4}% 14
\BOOKMARK [1][-]{section.2.5}{\376\377\000T\000o\000p\000o\000l\000o\000g\000y\000\040\000d\000i\000a\000g\000r\000a\000m}{chapter.2}% 15
\BOOKMARK [1][-]{section.2.6}{\376\377\000C\000o\000o\000r\000d\000i\000n\000a\000t\000e\000s}{chapter.2}% 16
\BOOKMARK [2][-]{subsection.2.6.1}{\376\377\000P\000r\000o\000t\000e\000i\000n\000\040\000c\000e\000n\000t\000r\000e\000\040\000o\000f\000\040\000m\000a\000s\000s}{section.2.6}% 17
\BOOKMARK [2][-]{subsection.2.6.2}{\376\377\000R\000a\000d\000i\000u\000s\000\040\000o\000f\000\040\000g\000y\000r\000a\000t\000i\000o\000n}{section.2.6}% 18
\BOOKMARK [2][-]{subsection.2.6.3}{\376\377\000C\000o\000m\000p\000a\000r\000i\000n\000g\000\040\000p\000r\000o\000t\000e\000i\000n\000\040\000s\000t\000r\000u\000c\000t\000u\000r\000e\000s}{section.2.6}% 19
\BOOKMARK [2][-]{subsection.2.6.4}{\376\377\000N\000a\000t\000i\000v\000e\000\040\000s\000t\000a\000t\000e}{section.2.6}% 20
\BOOKMARK [2][-]{subsection.2.6.5}{\376\377\000R\000M\000S\000F}{section.2.6}% 21
\BOOKMARK [0][-]{chapter.3}{\376\377\000F\000o\000r\000c\000e\000\040\000f\000i\000e\000l\000d\000s}{}% 22
\BOOKMARK [0][-]{chapter.4}{\376\377\000C\000l\000a\000s\000s\000i\000c\000a\000l\000\040\000m\000e\000c\000h\000a\000n\000i\000c\000s}{}% 23
\BOOKMARK [0][-]{chapter.5}{\376\377\000F\000o\000u\000n\000d\000a\000t\000i\000o\000n\000s\000\040\000o\000f\000\040\000s\000t\000a\000t\000i\000s\000t\000i\000c\000a\000l\000\040\000m\000e\000c\000h\000a\000n\000i\000c\000s}{}% 24
\BOOKMARK [0][-]{chapter.6}{\376\377\000M\000i\000c\000r\000o\000c\000a\000n\000o\000n\000i\000c\000a\000l\000\040\000e\000n\000s\000e\000m\000b\000l\000e}{}% 25
\BOOKMARK [0][-]{chapter.7}{\376\377\000M\000o\000l\000e\000c\000u\000l\000a\000r\000\040\000d\000y\000n\000a\000m\000i\000c\000s}{}% 26
\BOOKMARK [0][-]{chapter.8}{\376\377\000D\000i\000r\000e\000c\000t\000\040\000t\000r\000a\000n\000s\000l\000a\000t\000i\000o\000n}{}% 27
\BOOKMARK [0][-]{chapter.9}{\376\377\000E\000v\000a\000l\000u\000a\000t\000i\000o\000n\000\040\000o\000f\000\040\000e\000n\000e\000r\000g\000i\000e\000s\000\040\000a\000n\000d\000\040\000f\000o\000r\000c\000e\000s}{}% 28
\BOOKMARK [0][-]{chapter.10}{\376\377\000C\000a\000n\000o\000n\000i\000c\000a\000l\000\040\000e\000n\000s\000e\000m\000b\000l\000e}{}% 29
\BOOKMARK [0][-]{chapter.11}{\376\377\000T\000h\000e\000r\000m\000o\000s\000t\000a\000t\000s}{}% 30
